<?xml version="1.0" encoding="UTF-8"?>
<!-- Generated by org.testng.reporters.JUnitReportReporter -->
<testsuite hostname="Akhilash" failures="0" tests="1" name="Sample.LoginToVtiger" time="11.985" errors="0" timestamp="2023-01-24T23:22:47 IST" skipped="0">
  <testcase classname="Sample.LoginToVtiger" name="loginVtiegr" time="11.985"/>
  <system-out/>
</testsuite> <!-- Sample.LoginToVtiger -->
