<?xml version="1.0" encoding="UTF-8"?>
<!-- Generated by org.testng.reporters.JUnitReportReporter -->
<testsuite hostname="Akhilash" failures="0" tests="1" name="Sample.LoginToVtigerTest" time="3.650" errors="0" timestamp="2023-01-25T19:28:20 IST" skipped="0">
  <testcase classname="Sample.LoginToVtigerTest" name="loginVtiegr" time="3.650"/>
  <system-out/>
</testsuite> <!-- Sample.LoginToVtigerTest -->
